<?xml version="1.0" encoding="UTF-8"?>
<!-- Generated by org.testng.reporters.JUnitReportReporter -->
<testsuite hostname="DESKTOP-TAUR7C6" failures="0" tests="1" name="Apichainning.EndtoEndTest" time="7.012" errors="0" timestamp="05 Jun 2022 07:25:19 GMT" skipped="0">
  <testcase classname="Apichainning.EndtoEndTest" name="test1" time="7.012"/>
</testsuite> <!-- Apichainning.EndtoEndTest -->
